{
  "E:/ws/demo/src/billing.ts": {
    "path": "E:/ws/demo/src/billing.ts",
    "statementMap": {
      "0": { "start": { "line": 1, "column": 0 }, "end": { "line": 1, "column": 34 } },
      "1": { "start": { "line": 2, "column": 2 }, "end": { "line": 2, "column": 18 } },
      "2": { "start": { "line": 3, "column": 2 }, "end": { "line": 3, "column": 16 } },
      "3": { "start": { "line": 4, "column": 2 }, "end": { "line": 4, "column": 14 } },
      "4": { "start": { "line": 5, "column": 4 }, "end": { "line": 5, "column": 20 } },
      "5": { "start": { "line": 6, "column": 2 }, "end": { "line": 6, "column": 9 } }
    },
    "fnMap": {
      "0": { "name": "refund", "decl": { "start": { "line": 1, "column": 0 }, "end": { "line": 1, "column": 34 } }, "loc": { "start": { "line": 1, "column": 34 }, "end": { "line": 7, "column": 1 } }, "line": 1 }
    },
    "branchMap": {
      "0": { "loc": { "start": { "line": 2, "column": 2 }, "end": { "line": 2, "column": 18 } }, "type": "if", "locations": [null, { "start": { "line": 5, "column": 4 }, "end": { "line": 5, "column": 20 } }], "line": 2 }
    },
    "s": { "0": 1, "1": 2, "2": 2, "3": 2, "4": 0, "5": 2 },
    "f": { "0": 2 },
    "b": { "0": [2, 0] }
  }
}
